Build started 4/16/2015 14:29:13 .
     1>Project "C:\Users\tiago.diogo\Documents\GitHub\AVE-2015\dependencies\SFML\build\vc2010\sfml-network.vcxproj" on node 3 (Build target(s)).
     1>ClCompile:
         C:\Program Files (x86)\Microsoft Visual Studio 12.0\VC\bin\CL.exe /c /I"C:\Users\tiago.diogo\Documents\GitHub\AVE-2015\dependencies\SFML\build\vc2010\..\..\src" /I"C:\Users\tiago.diogo\Documents\GitHub\AVE-2015\dependencies\SFML\build\vc2010\..\..\include" /ZI /nologo /W4 /WX- /Od /Oy- /D WIN32 /D _DEBUG /D _LIB /D SFML_EXPORTS /D _SECURE_SCL=0 /D _CRT_SECURE_NO_WARNINGS /D _CRT_SECURE_NO_DEPRECATE /Gm /EHsc /RTC1 /MTd /GS /fp:precise /Zc:wchar_t /Zc:forScope /Fo"Debug\\" /Fd"Debug\vc120.pdb" /Gd /TP /analyze- /errorReport:prompt ..\..\src\SFML\Network\Win32\SocketHelper.cpp ..\..\src\SFML\Network\Ftp.cpp ..\..\src\SFML\Network\Http.cpp ..\..\src\SFML\Network\IPAddress.cpp ..\..\src\SFML\Network\Packet.cpp ..\..\src\SFML\Network\SelectorBase.cpp ..\..\src\SFML\Network\SocketTCP.cpp ..\..\src\SFML\Network\SocketUDP.cpp ..\..\src\SFML\System\Win32\Thread.cpp
         Thread.cpp
         SocketUDP.cpp
         SocketTCP.cpp
         SelectorBase.cpp
         Packet.cpp
         IPAddress.cpp
         Http.cpp
         Ftp.cpp
     1>c:\users\tiago.diogo\documents\github\ave-2015\dependencies\sfml\src\sfml\network\ftp.cpp(403): warning C4244: 'initializing' : conversion from 'std::streamoff' to 'size_t', possible loss of data
         SocketHelper.cpp
         Generating Code...
       Lib:
         C:\Program Files (x86)\Microsoft Visual Studio 12.0\VC\bin\Lib.exe /OUT:"C:\Users\tiago.diogo\Documents\GitHub\AVE-2015\vbam-code-1231-trunk\project\vs2010_mfc\Debug\SFML.lib" ws2_32.lib /NOLOGO Debug\SocketHelper.obj
         Debug\Ftp.obj
         Debug\Http.obj
         Debug\IPAddress.obj
         Debug\Packet.obj
         Debug\SelectorBase.obj
         Debug\SocketTCP.obj
         Debug\SocketUDP.obj
         Debug\Thread.obj
         sfml-network.vcxproj -> C:\Users\tiago.diogo\Documents\GitHub\AVE-2015\vbam-code-1231-trunk\project\vs2010_mfc\Debug\SFML.lib
     1>Done Building Project "C:\Users\tiago.diogo\Documents\GitHub\AVE-2015\dependencies\SFML\build\vc2010\sfml-network.vcxproj" (Build target(s)).

Build succeeded.

Time Elapsed 00:00:08.28
