c:\users\tiago.diogo\downloads\vbam-code-1231-trunk - working 17-4-2015\fex\debug\vc120.pdb
c:\users\tiago.diogo\downloads\vbam-code-1231-trunk - working 17-4-2015\fex\debug\vc120.idb
c:\users\tiago.diogo\downloads\vbam-code-1231-trunk - working 17-4-2015\fex\debug\7zalloc.obj
c:\users\tiago.diogo\downloads\vbam-code-1231-trunk - working 17-4-2015\fex\debug\7zbuf.obj
c:\users\tiago.diogo\downloads\vbam-code-1231-trunk - working 17-4-2015\fex\debug\7zcrc.obj
c:\users\tiago.diogo\downloads\vbam-code-1231-trunk - working 17-4-2015\fex\debug\7zcrcopt.obj
c:\users\tiago.diogo\downloads\vbam-code-1231-trunk - working 17-4-2015\fex\debug\7zdec.obj
c:\users\tiago.diogo\downloads\vbam-code-1231-trunk - working 17-4-2015\fex\debug\7zin.obj
c:\users\tiago.diogo\downloads\vbam-code-1231-trunk - working 17-4-2015\fex\debug\7zstream.obj
c:\users\tiago.diogo\downloads\vbam-code-1231-trunk - working 17-4-2015\fex\debug\bcj2.obj
c:\users\tiago.diogo\downloads\vbam-code-1231-trunk - working 17-4-2015\fex\debug\bra.obj
c:\users\tiago.diogo\downloads\vbam-code-1231-trunk - working 17-4-2015\fex\debug\bra86.obj
c:\users\tiago.diogo\downloads\vbam-code-1231-trunk - working 17-4-2015\fex\debug\cpuarch.obj
c:\users\tiago.diogo\downloads\vbam-code-1231-trunk - working 17-4-2015\fex\debug\lzma2dec.obj
c:\users\tiago.diogo\downloads\vbam-code-1231-trunk - working 17-4-2015\fex\debug\lzmadec.obj
c:\users\tiago.diogo\downloads\vbam-code-1231-trunk - working 17-4-2015\fex\debug\ppmd7.obj
c:\users\tiago.diogo\downloads\vbam-code-1231-trunk - working 17-4-2015\fex\debug\ppmd7dec.obj
c:\users\tiago.diogo\downloads\vbam-code-1231-trunk - working 17-4-2015\fex\debug\binary_extractor.obj
c:\users\tiago.diogo\downloads\vbam-code-1231-trunk - working 17-4-2015\fex\debug\blargg_common.obj
c:\users\tiago.diogo\downloads\vbam-code-1231-trunk - working 17-4-2015\fex\debug\blargg_errors.obj
c:\users\tiago.diogo\downloads\vbam-code-1231-trunk - working 17-4-2015\fex\debug\data_reader.obj
c:\users\tiago.diogo\downloads\vbam-code-1231-trunk - working 17-4-2015\fex\debug\fex.obj
c:\users\tiago.diogo\downloads\vbam-code-1231-trunk - working 17-4-2015\fex\debug\file_extractor.obj
c:\users\tiago.diogo\downloads\vbam-code-1231-trunk - working 17-4-2015\fex\debug\gzip_extractor.obj
c:\users\tiago.diogo\downloads\vbam-code-1231-trunk - working 17-4-2015\fex\debug\gzip_reader.obj
c:\users\tiago.diogo\downloads\vbam-code-1231-trunk - working 17-4-2015\fex\debug\rar_extractor.obj
c:\users\tiago.diogo\downloads\vbam-code-1231-trunk - working 17-4-2015\fex\debug\zip7_extractor.obj
c:\users\tiago.diogo\downloads\vbam-code-1231-trunk - working 17-4-2015\fex\debug\zip_extractor.obj
c:\users\tiago.diogo\downloads\vbam-code-1231-trunk - working 17-4-2015\fex\debug\zlib_inflater.obj
c:\users\tiago.diogo\downloads\vbam-code-1231-trunk - working 17-4-2015\project\vs2010_mfc\debug\file_extractor.lib
c:\users\tiago.diogo\downloads\vbam-code-1231-trunk - working 17-4-2015\fex\debug\file_extractor.tlog\cl.command.1.tlog
c:\users\tiago.diogo\downloads\vbam-code-1231-trunk - working 17-4-2015\fex\debug\file_extractor.tlog\cl.read.1.tlog
c:\users\tiago.diogo\downloads\vbam-code-1231-trunk - working 17-4-2015\fex\debug\file_extractor.tlog\cl.write.1.tlog
c:\users\tiago.diogo\downloads\vbam-code-1231-trunk - working 17-4-2015\fex\debug\file_extractor.tlog\lib-link.read.1.tlog
c:\users\tiago.diogo\downloads\vbam-code-1231-trunk - working 17-4-2015\fex\debug\file_extractor.tlog\lib-link.write.1.tlog
c:\users\tiago.diogo\downloads\vbam-code-1231-trunk - working 17-4-2015\fex\debug\file_extractor.tlog\lib.command.1.tlog
