c:\users\tiago.diogo\downloads\vbam-code-1231-trunk - working 17-4-2015\project\vs2010_mfc\win32\debug_temp\2xsaimmx.obj
c:\users\tiago.diogo\downloads\vbam-code-1231-trunk - working 17-4-2015\project\vs2010_mfc\win32\debug_temp\hq3x_16.obj
c:\users\tiago.diogo\downloads\vbam-code-1231-trunk - working 17-4-2015\project\vs2010_mfc\win32\debug_temp\hq3x_32.obj
c:\users\tiago.diogo\downloads\vbam-code-1231-trunk - working 17-4-2015\project\vs2010_mfc\win32\debug_temp\hq4x_16.obj
c:\users\tiago.diogo\downloads\vbam-code-1231-trunk - working 17-4-2015\project\vs2010_mfc\win32\debug_temp\hq4x_32.obj
c:\users\tiago.diogo\downloads\vbam-code-1231-trunk - working 17-4-2015\project\vs2010_mfc\win32\debug_temp\visualboyadvance-m.pch
c:\users\tiago.diogo\downloads\vbam-code-1231-trunk - working 17-4-2015\project\vs2010_mfc\win32\debug_temp\vc120.pdb
c:\users\tiago.diogo\downloads\vbam-code-1231-trunk - working 17-4-2015\project\vs2010_mfc\win32\debug_temp\vc120.idb
c:\users\tiago.diogo\downloads\vbam-code-1231-trunk - working 17-4-2015\project\vs2010_mfc\win32\debug_temp\stdafx.obj
c:\users\tiago.diogo\downloads\vbam-code-1231-trunk - working 17-4-2015\project\vs2010_mfc\win32\debug_temp\scanline.obj
c:\users\tiago.diogo\downloads\vbam-code-1231-trunk - working 17-4-2015\project\vs2010_mfc\win32\debug_temp\simplefilter.obj
c:\users\tiago.diogo\downloads\vbam-code-1231-trunk - working 17-4-2015\project\vs2010_mfc\win32\debug_temp\hq2x.obj
c:\users\tiago.diogo\downloads\vbam-code-1231-trunk - working 17-4-2015\project\vs2010_mfc\win32\debug_temp\hq3x32.obj
c:\users\tiago.diogo\downloads\vbam-code-1231-trunk - working 17-4-2015\project\vs2010_mfc\win32\debug_temp\armdis.obj
c:\users\tiago.diogo\downloads\vbam-code-1231-trunk - working 17-4-2015\project\vs2010_mfc\win32\debug_temp\cheats.obj
c:\users\tiago.diogo\downloads\vbam-code-1231-trunk - working 17-4-2015\project\vs2010_mfc\win32\debug_temp\cheatsearch.obj
c:\users\tiago.diogo\downloads\vbam-code-1231-trunk - working 17-4-2015\project\vs2010_mfc\win32\debug_temp\patch.obj
c:\users\tiago.diogo\downloads\vbam-code-1231-trunk - working 17-4-2015\project\vs2010_mfc\win32\debug_temp\util.obj
c:\users\tiago.diogo\downloads\vbam-code-1231-trunk - working 17-4-2015\project\vs2010_mfc\win32\debug_temp\direct3d.obj
c:\users\tiago.diogo\downloads\vbam-code-1231-trunk - working 17-4-2015\project\vs2010_mfc\win32\debug_temp\directinput.obj
c:\users\tiago.diogo\downloads\vbam-code-1231-trunk - working 17-4-2015\project\vs2010_mfc\win32\debug_temp\directsound.obj
c:\users\tiago.diogo\downloads\vbam-code-1231-trunk - working 17-4-2015\project\vs2010_mfc\win32\debug_temp\loadoal.obj
c:\users\tiago.diogo\downloads\vbam-code-1231-trunk - working 17-4-2015\project\vs2010_mfc\win32\debug_temp\openal.obj
c:\users\tiago.diogo\downloads\vbam-code-1231-trunk - working 17-4-2015\project\vs2010_mfc\win32\debug_temp\opengl.obj
c:\users\tiago.diogo\downloads\vbam-code-1231-trunk - working 17-4-2015\project\vs2010_mfc\win32\debug_temp\xaudio2.obj
c:\users\tiago.diogo\downloads\vbam-code-1231-trunk - working 17-4-2015\project\vs2010_mfc\win32\debug_temp\gbalink.obj
c:\users\tiago.diogo\downloads\vbam-code-1231-trunk - working 17-4-2015\project\vs2010_mfc\win32\debug_temp\joybusoptions.obj
c:\users\tiago.diogo\downloads\vbam-code-1231-trunk - working 17-4-2015\project\vs2010_mfc\win32\debug_temp\linkoptions.obj
c:\users\tiago.diogo\downloads\vbam-code-1231-trunk - working 17-4-2015\project\vs2010_mfc\win32\debug_temp\vba.obj
c:\users\tiago.diogo\downloads\vbam-code-1231-trunk - working 17-4-2015\project\vs2010_mfc\win32\debug_temp\gba.obj
c:\users\tiago.diogo\downloads\vbam-code-1231-trunk - working 17-4-2015\project\vs2010_mfc\win32\debug_temp\gbafilter.obj
c:\users\tiago.diogo\downloads\vbam-code-1231-trunk - working 17-4-2015\project\vs2010_mfc\win32\debug_temp\gbagfx.obj
c:\users\tiago.diogo\downloads\vbam-code-1231-trunk - working 17-4-2015\project\vs2010_mfc\win32\debug_temp\globals.obj
c:\users\tiago.diogo\downloads\vbam-code-1231-trunk - working 17-4-2015\project\vs2010_mfc\win32\debug_temp\mode0.obj
c:\users\tiago.diogo\downloads\vbam-code-1231-trunk - working 17-4-2015\project\vs2010_mfc\win32\debug_temp\mode1.obj
c:\users\tiago.diogo\downloads\vbam-code-1231-trunk - working 17-4-2015\project\vs2010_mfc\win32\debug_temp\mode2.obj
c:\users\tiago.diogo\downloads\vbam-code-1231-trunk - working 17-4-2015\project\vs2010_mfc\win32\debug_temp\mode3.obj
c:\users\tiago.diogo\downloads\vbam-code-1231-trunk - working 17-4-2015\project\vs2010_mfc\win32\debug_temp\mode4.obj
c:\users\tiago.diogo\downloads\vbam-code-1231-trunk - working 17-4-2015\project\vs2010_mfc\win32\debug_temp\mode5.obj
c:\users\tiago.diogo\downloads\vbam-code-1231-trunk - working 17-4-2015\project\vs2010_mfc\win32\debug_temp\remote.obj
c:\users\tiago.diogo\downloads\vbam-code-1231-trunk - working 17-4-2015\project\vs2010_mfc\win32\debug_temp\rtc.obj
c:\users\tiago.diogo\downloads\vbam-code-1231-trunk - working 17-4-2015\project\vs2010_mfc\win32\debug_temp\sound.obj
c:\users\tiago.diogo\downloads\vbam-code-1231-trunk - working 17-4-2015\project\vs2010_mfc\win32\debug_temp\sram.obj
c:\users\tiago.diogo\downloads\vbam-code-1231-trunk - working 17-4-2015\project\vs2010_mfc\win32\debug_temp\2xsai.obj
c:\users\tiago.diogo\downloads\vbam-code-1231-trunk - working 17-4-2015\project\vs2010_mfc\win32\debug_temp\admame.obj
c:\users\tiago.diogo\downloads\vbam-code-1231-trunk - working 17-4-2015\project\vs2010_mfc\win32\debug_temp\bilinear.obj
c:\users\tiago.diogo\downloads\vbam-code-1231-trunk - working 17-4-2015\project\vs2010_mfc\win32\debug_temp\interframe.obj
c:\users\tiago.diogo\downloads\vbam-code-1231-trunk - working 17-4-2015\project\vs2010_mfc\win32\debug_temp\pixel.obj
c:\users\tiago.diogo\downloads\vbam-code-1231-trunk - working 17-4-2015\project\vs2010_mfc\win32\debug_temp\rpi.obj
c:\users\tiago.diogo\downloads\vbam-code-1231-trunk - working 17-4-2015\project\vs2010_mfc\win32\debug_temp\gbdis.obj
c:\users\tiago.diogo\downloads\vbam-code-1231-trunk - working 17-4-2015\project\vs2010_mfc\win32\debug_temp\gbgfx.obj
c:\users\tiago.diogo\downloads\vbam-code-1231-trunk - working 17-4-2015\project\vs2010_mfc\win32\debug_temp\gbglobals.obj
c:\users\tiago.diogo\downloads\vbam-code-1231-trunk - working 17-4-2015\project\vs2010_mfc\win32\debug_temp\gbmemory.obj
c:\users\tiago.diogo\downloads\vbam-code-1231-trunk - working 17-4-2015\project\vs2010_mfc\win32\debug_temp\gbprinter.obj
c:\users\tiago.diogo\downloads\vbam-code-1231-trunk - working 17-4-2015\project\vs2010_mfc\win32\debug_temp\gbsgb.obj
c:\users\tiago.diogo\downloads\vbam-code-1231-trunk - working 17-4-2015\project\vs2010_mfc\win32\debug_temp\gbsound.obj
c:\users\tiago.diogo\downloads\vbam-code-1231-trunk - working 17-4-2015\project\vs2010_mfc\win32\debug_temp\blip_buffer.obj
c:\users\tiago.diogo\downloads\vbam-code-1231-trunk - working 17-4-2015\project\vs2010_mfc\win32\debug_temp\effects_buffer.obj
c:\users\tiago.diogo\downloads\vbam-code-1231-trunk - working 17-4-2015\project\vs2010_mfc\win32\debug_temp\gb_apu.obj
c:\users\tiago.diogo\downloads\vbam-code-1231-trunk - working 17-4-2015\project\vs2010_mfc\win32\debug_temp\gb_apu_state.obj
c:\users\tiago.diogo\downloads\vbam-code-1231-trunk - working 17-4-2015\project\vs2010_mfc\win32\debug_temp\gb_oscs.obj
c:\users\tiago.diogo\downloads\vbam-code-1231-trunk - working 17-4-2015\project\vs2010_mfc\win32\debug_temp\multi_buffer.obj
c:\users\tiago.diogo\downloads\vbam-code-1231-trunk - working 17-4-2015\project\vs2010_mfc\win32\debug_temp\agbprint.obj
c:\users\tiago.diogo\downloads\vbam-code-1231-trunk - working 17-4-2015\project\vs2010_mfc\win32\debug_temp\bios.obj
c:\users\tiago.diogo\downloads\vbam-code-1231-trunk - working 17-4-2015\project\vs2010_mfc\win32\debug_temp\eeprom.obj
c:\users\tiago.diogo\downloads\vbam-code-1231-trunk - working 17-4-2015\project\vs2010_mfc\win32\debug_temp\elf.obj
c:\users\tiago.diogo\downloads\vbam-code-1231-trunk - working 17-4-2015\project\vs2010_mfc\win32\debug_temp\flash.obj
c:\users\tiago.diogo\downloads\vbam-code-1231-trunk - working 17-4-2015\project\vs2010_mfc\win32\debug_temp\gba-arm.obj
c:\users\tiago.diogo\downloads\vbam-code-1231-trunk - working 17-4-2015\project\vs2010_mfc\win32\debug_temp\gba-thumb.obj
c:\users\tiago.diogo\downloads\vbam-code-1231-trunk - working 17-4-2015\project\vs2010_mfc\win32\debug_temp\gb.obj
c:\users\tiago.diogo\downloads\vbam-code-1231-trunk - working 17-4-2015\project\vs2010_mfc\win32\debug_temp\gbcheats.obj
c:\users\tiago.diogo\downloads\vbam-code-1231-trunk - working 17-4-2015\project\vs2010_mfc\win32\debug_temp\memgzio.obj
c:\users\tiago.diogo\downloads\vbam-code-1231-trunk - working 17-4-2015\project\vs2010_mfc\win32\debug_temp\glfont.obj
c:\users\tiago.diogo\downloads\vbam-code-1231-trunk - working 17-4-2015\project\vs2010_mfc\win32\debug_temp\gbasockclient.obj
c:\users\tiago.diogo\downloads\vbam-code-1231-trunk - working 17-4-2015\project\vs2010_mfc\win32\debug_temp\resizedlg.obj
c:\users\tiago.diogo\downloads\vbam-code-1231-trunk - working 17-4-2015\project\vs2010_mfc\win32\debug_temp\rewindinterval.obj
c:\users\tiago.diogo\downloads\vbam-code-1231-trunk - working 17-4-2015\project\vs2010_mfc\win32\debug_temp\rominfo.obj
c:\users\tiago.diogo\downloads\vbam-code-1231-trunk - working 17-4-2015\project\vs2010_mfc\win32\debug_temp\selectplugin.obj
c:\users\tiago.diogo\downloads\vbam-code-1231-trunk - working 17-4-2015\project\vs2010_mfc\win32\debug_temp\stringtokenizer.obj
c:\users\tiago.diogo\downloads\vbam-code-1231-trunk - working 17-4-2015\project\vs2010_mfc\win32\debug_temp\throttle.obj
c:\users\tiago.diogo\downloads\vbam-code-1231-trunk - working 17-4-2015\project\vs2010_mfc\win32\debug_temp\tileview.obj
c:\users\tiago.diogo\downloads\vbam-code-1231-trunk - working 17-4-2015\project\vs2010_mfc\win32\debug_temp\wavwriter.obj
c:\users\tiago.diogo\downloads\vbam-code-1231-trunk - working 17-4-2015\project\vs2010_mfc\win32\debug_temp\winresutil.obj
c:\users\tiago.diogo\downloads\vbam-code-1231-trunk - working 17-4-2015\project\vs2010_mfc\win32\debug_temp\xaudio2_config.obj
c:\users\tiago.diogo\downloads\vbam-code-1231-trunk - working 17-4-2015\project\vs2010_mfc\win32\debug_temp\zoomcontrol.obj
c:\users\tiago.diogo\downloads\vbam-code-1231-trunk - working 17-4-2015\project\vs2010_mfc\win32\debug_temp\gbcheatsdlg.obj
c:\users\tiago.diogo\downloads\vbam-code-1231-trunk - working 17-4-2015\project\vs2010_mfc\win32\debug_temp\gbcolordlg.obj
c:\users\tiago.diogo\downloads\vbam-code-1231-trunk - working 17-4-2015\project\vs2010_mfc\win32\debug_temp\gbdisassemble.obj
c:\users\tiago.diogo\downloads\vbam-code-1231-trunk - working 17-4-2015\project\vs2010_mfc\win32\debug_temp\gbmapview.obj
c:\users\tiago.diogo\downloads\vbam-code-1231-trunk - working 17-4-2015\project\vs2010_mfc\win32\debug_temp\gbmemoryviewerdlg.obj
c:\users\tiago.diogo\downloads\vbam-code-1231-trunk - working 17-4-2015\project\vs2010_mfc\win32\debug_temp\gboamview.obj
c:\users\tiago.diogo\downloads\vbam-code-1231-trunk - working 17-4-2015\project\vs2010_mfc\win32\debug_temp\gbpaletteview.obj
c:\users\tiago.diogo\downloads\vbam-code-1231-trunk - working 17-4-2015\project\vs2010_mfc\win32\debug_temp\gbprinterdlg.obj
c:\users\tiago.diogo\downloads\vbam-code-1231-trunk - working 17-4-2015\project\vs2010_mfc\win32\debug_temp\gbtileview.obj
c:\users\tiago.diogo\downloads\vbam-code-1231-trunk - working 17-4-2015\project\vs2010_mfc\win32\debug_temp\joypad.obj
c:\users\tiago.diogo\downloads\vbam-code-1231-trunk - working 17-4-2015\project\vs2010_mfc\win32\debug_temp\keyboardedit.obj
c:\users\tiago.diogo\downloads\vbam-code-1231-trunk - working 17-4-2015\project\vs2010_mfc\win32\debug_temp\langselect.obj
c:\users\tiago.diogo\downloads\vbam-code-1231-trunk - working 17-4-2015\project\vs2010_mfc\win32\debug_temp\logging.obj
c:\users\tiago.diogo\downloads\vbam-code-1231-trunk - working 17-4-2015\project\vs2010_mfc\win32\debug_temp\mainwnd.obj
c:\users\tiago.diogo\downloads\vbam-code-1231-trunk - working 17-4-2015\project\vs2010_mfc\win32\debug_temp\mainwndcheats.obj
c:\users\tiago.diogo\downloads\vbam-code-1231-trunk - working 17-4-2015\project\vs2010_mfc\win32\debug_temp\mainwndfile.obj
c:\users\tiago.diogo\downloads\vbam-code-1231-trunk - working 17-4-2015\project\vs2010_mfc\win32\debug_temp\mainwndhelp.obj
c:\users\tiago.diogo\downloads\vbam-code-1231-trunk - working 17-4-2015\project\vs2010_mfc\win32\debug_temp\mainwndoptions.obj
c:\users\tiago.diogo\downloads\vbam-code-1231-trunk - working 17-4-2015\project\vs2010_mfc\win32\debug_temp\mainwndtools.obj
c:\users\tiago.diogo\downloads\vbam-code-1231-trunk - working 17-4-2015\project\vs2010_mfc\win32\debug_temp\mapview.obj
c:\users\tiago.diogo\downloads\vbam-code-1231-trunk - working 17-4-2015\project\vs2010_mfc\win32\debug_temp\maxscale.obj
c:\users\tiago.diogo\downloads\vbam-code-1231-trunk - working 17-4-2015\project\vs2010_mfc\win32\debug_temp\memoryviewer.obj
c:\users\tiago.diogo\downloads\vbam-code-1231-trunk - working 17-4-2015\project\vs2010_mfc\win32\debug_temp\memoryvieweraddresssize.obj
c:\users\tiago.diogo\downloads\vbam-code-1231-trunk - working 17-4-2015\project\vs2010_mfc\win32\debug_temp\memoryviewerdlg.obj
c:\users\tiago.diogo\downloads\vbam-code-1231-trunk - working 17-4-2015\project\vs2010_mfc\win32\debug_temp\oalconfig.obj
c:\users\tiago.diogo\downloads\vbam-code-1231-trunk - working 17-4-2015\project\vs2010_mfc\win32\debug_temp\oamview.obj
c:\users\tiago.diogo\downloads\vbam-code-1231-trunk - working 17-4-2015\project\vs2010_mfc\win32\debug_temp\paletteview.obj
c:\users\tiago.diogo\downloads\vbam-code-1231-trunk - working 17-4-2015\project\vs2010_mfc\win32\debug_temp\paletteviewcontrol.obj
c:\users\tiago.diogo\downloads\vbam-code-1231-trunk - working 17-4-2015\project\vs2010_mfc\win32\debug_temp\reg.obj
c:\users\tiago.diogo\downloads\vbam-code-1231-trunk - working 17-4-2015\project\vs2010_mfc\win32\debug_temp\associate.obj
c:\users\tiago.diogo\downloads\vbam-code-1231-trunk - working 17-4-2015\project\vs2010_mfc\win32\debug_temp\audiocoresettingsdlg.obj
c:\users\tiago.diogo\downloads\vbam-code-1231-trunk - working 17-4-2015\project\vs2010_mfc\win32\debug_temp\aviwrite.obj
c:\users\tiago.diogo\downloads\vbam-code-1231-trunk - working 17-4-2015\project\vs2010_mfc\win32\debug_temp\biosdialog.obj
c:\users\tiago.diogo\downloads\vbam-code-1231-trunk - working 17-4-2015\project\vs2010_mfc\win32\debug_temp\bitmapcontrol.obj
c:\users\tiago.diogo\downloads\vbam-code-1231-trunk - working 17-4-2015\project\vs2010_mfc\win32\debug_temp\cmdaccelob.obj
c:\users\tiago.diogo\downloads\vbam-code-1231-trunk - working 17-4-2015\project\vs2010_mfc\win32\debug_temp\colorbutton.obj
c:\users\tiago.diogo\downloads\vbam-code-1231-trunk - working 17-4-2015\project\vs2010_mfc\win32\debug_temp\colorcontrol.obj
c:\users\tiago.diogo\downloads\vbam-code-1231-trunk - working 17-4-2015\project\vs2010_mfc\win32\debug_temp\commands.obj
c:\users\tiago.diogo\downloads\vbam-code-1231-trunk - working 17-4-2015\project\vs2010_mfc\win32\debug_temp\directories.obj
c:\users\tiago.diogo\downloads\vbam-code-1231-trunk - working 17-4-2015\project\vs2010_mfc\win32\debug_temp\disassemble.obj
c:\users\tiago.diogo\downloads\vbam-code-1231-trunk - working 17-4-2015\project\vs2010_mfc\win32\debug_temp\exportgsasnapshot.obj
c:\users\tiago.diogo\downloads\vbam-code-1231-trunk - working 17-4-2015\project\vs2010_mfc\win32\debug_temp\filedlg.obj
c:\users\tiago.diogo\downloads\vbam-code-1231-trunk - working 17-4-2015\project\vs2010_mfc\win32\debug_temp\fullscreensettings.obj
c:\users\tiago.diogo\downloads\vbam-code-1231-trunk - working 17-4-2015\project\vs2010_mfc\win32\debug_temp\gameoverrides.obj
c:\users\tiago.diogo\downloads\vbam-code-1231-trunk - working 17-4-2015\project\vs2010_mfc\win32\debug_temp\gbacheats.obj
c:\users\tiago.diogo\downloads\vbam-code-1231-trunk - working 17-4-2015\project\vs2010_mfc\win32\debug_temp\gdbconnection.obj
c:\users\tiago.diogo\downloads\vbam-code-1231-trunk - working 17-4-2015\project\vs2010_mfc\win32\debug_temp\gsacodeselect.obj
c:\users\tiago.diogo\downloads\vbam-code-1231-trunk - working 17-4-2015\project\vs2010_mfc\win32\debug_temp\hyperlink.obj
c:\users\tiago.diogo\downloads\vbam-code-1231-trunk - working 17-4-2015\project\vs2010_mfc\win32\debug_temp\ioviewer.obj
c:\users\tiago.diogo\downloads\vbam-code-1231-trunk - working 17-4-2015\project\vs2010_mfc\win32\debug_temp\aboutdialog.obj
c:\users\tiago.diogo\downloads\vbam-code-1231-trunk - working 17-4-2015\project\vs2010_mfc\win32\debug_temp\acceleditor.obj
c:\users\tiago.diogo\downloads\vbam-code-1231-trunk - working 17-4-2015\project\vs2010_mfc\win32\debug_temp\acceleratormanager.obj
c:\users\tiago.diogo\downloads\vbam-code-1231-trunk - working 17-4-2015\project\vs2010_mfc\win32\debug\visualboyadvance-m.ilk
c:\users\tiago.diogo\downloads\vbam-code-1231-trunk - working 17-4-2015\project\vs2010_mfc\win32\debug\visualboyadvance-m.exe
c:\users\tiago.diogo\downloads\vbam-code-1231-trunk - working 17-4-2015\project\vs2010_mfc\win32\debug\visualboyadvance-m.pdb
c:\users\tiago.diogo\downloads\vbam-code-1231-trunk - working 17-4-2015\project\vs2010_mfc\win32\debug_temp\vba.res
c:\users\tiago.diogo\downloads\vbam-code-1231-trunk - working 17-4-2015\project\vs2010_mfc\win32\debug_temp\visualboyadvance-m.write.1.tlog
c:\users\tiago.diogo\downloads\vbam-code-1231-trunk - working 17-4-2015\project\vs2010_mfc\win32\debug_temp\visualbo.6d4c5ec8.tlog\cl.command.1.tlog
c:\users\tiago.diogo\downloads\vbam-code-1231-trunk - working 17-4-2015\project\vs2010_mfc\win32\debug_temp\visualbo.6d4c5ec8.tlog\cl.read.1.tlog
c:\users\tiago.diogo\downloads\vbam-code-1231-trunk - working 17-4-2015\project\vs2010_mfc\win32\debug_temp\visualbo.6d4c5ec8.tlog\cl.write.1.tlog
c:\users\tiago.diogo\downloads\vbam-code-1231-trunk - working 17-4-2015\project\vs2010_mfc\win32\debug_temp\visualbo.6d4c5ec8.tlog\link.command.1.tlog
c:\users\tiago.diogo\downloads\vbam-code-1231-trunk - working 17-4-2015\project\vs2010_mfc\win32\debug_temp\visualbo.6d4c5ec8.tlog\link.read.1.tlog
c:\users\tiago.diogo\downloads\vbam-code-1231-trunk - working 17-4-2015\project\vs2010_mfc\win32\debug_temp\visualbo.6d4c5ec8.tlog\link.write.1.tlog
c:\users\tiago.diogo\downloads\vbam-code-1231-trunk - working 17-4-2015\project\vs2010_mfc\win32\debug_temp\visualbo.6d4c5ec8.tlog\rc.command.1.tlog
c:\users\tiago.diogo\downloads\vbam-code-1231-trunk - working 17-4-2015\project\vs2010_mfc\win32\debug_temp\visualbo.6d4c5ec8.tlog\rc.read.1.tlog
c:\users\tiago.diogo\downloads\vbam-code-1231-trunk - working 17-4-2015\project\vs2010_mfc\win32\debug_temp\visualbo.6d4c5ec8.tlog\rc.write.1.tlog
